<?xml version="1.0" encoding="UTF-8"?>
<testsuite xmlns:xsi="http://www.w3.org/2001/XMLSchema-instance" xsi:noNamespaceSchemaLocation="https://maven.apache.org/surefire/maven-surefire-plugin/xsd/surefire-test-report.xsd" name="service.FactoryServiceTest" time="1.76" tests="2" errors="1" skipped="0" failures="0">
  <properties>
[...]
</properties>
  <testcase name="findPage" classname="service.FactoryServiceTest" time="1.458">
    <error message="&#10;### Error querying database.  Cause: com.mysql.jdbc.exceptions.jdbc4.MySQLSyntaxErrorException: You have an error in your SQL syntax; check the manual that corresponds to your MySQL server version for the right syntax to use near &apos;-10,10&apos; at line 5&#10;### The error may exist in file [G:\hs2021\code\jkssm\target\classes\mapper\FactoryMapper.xml]&#10;### The error may involve com.jk.dao.FactoryDao.findPage-Inline&#10;### The error occurred while setting parameters&#10;### SQL: select                   factory_id, full_name, factory_name, contacts, phone, mobile, fax, cnote, inspector, order_no, state, create_by, create_dept, create_time               from factory_c limit -10,10&#10;### Cause: com.mysql.jdbc.exceptions.jdbc4.MySQLSyntaxErrorException: You have an error in your SQL syntax; check the manual that corresponds to your MySQL server version for the right syntax to use near &apos;-10,10&apos; at line 5&#10;; bad SQL grammar []; nested exception is com.mysql.jdbc.exceptions.jdbc4.MySQLSyntaxErrorException: You have an error in your SQL syntax; check the manual that corresponds to your MySQL server version for the right syntax to use near &apos;-10,10&apos; at line 5" type="org.springframework.jdbc.BadSqlGrammarException">org.springframework.jdbc.BadSqlGrammarException: 

### Error querying database.  Cause: com.mysql.jdbc.exceptions.jdbc4.MySQLSyntaxErrorException: You have an error in your SQL syntax; check the manual that corresponds to your MySQL server version for the right syntax to use near '-10,10' at line 5
### The error may exist in file [G:\hs2021\code\jkssm\target\classes\mapper\FactoryMapper.xml]
### The error may involve com.jk.dao.FactoryDao.findPage-Inline
### The error occurred while setting parameters
### SQL: select                   factory_id, full_name, factory_name, contacts, phone, mobile, fax, cnote, inspector, order_no, state, create_by, create_dept, create_time               from factory_c limit -10,10
### Cause: com.mysql.jdbc.exceptions.jdbc4.MySQLSyntaxErrorException: You have an error in your SQL syntax; check the manual that corresponds to your MySQL server version for the right syntax to use near '-10,10' at line 5
; bad SQL grammar []; nested exception is com.mysql.jdbc.exceptions.jdbc4.MySQLSyntaxErrorException: You have an error in your SQL syntax; check the manual that corresponds to your MySQL server version for the right syntax to use near '-10,10' at line 5
	at service.FactoryServiceTest.findPage(FactoryServiceTest.java:26)
Caused by: com.mysql.jdbc.exceptions.jdbc4.MySQLSyntaxErrorException: You have an error in your SQL syntax; check the manual that corresponds to your MySQL server version for the right syntax to use near '-10,10' at line 5
	at service.FactoryServiceTest.findPage(FactoryServiceTest.java:26)
</error>
    <system-err><![CDATA[log4j:WARN No appenders could be found for logger (org.springframework.test.context.junit4.SpringJUnit4ClassRunner).
log4j:WARN Please initialize the log4j system properly.
]]></system-err>
  </testcase>
  <testcase name="find" classname="service.FactoryServiceTest" time="0.071"/>
</testsuite>